{
    "code": 1000,
    "list": [
        {
            "comment_id": "63558341015638016",
            "comment_info": {
                "reply_count": 0,
                "is_like": false,
                "is_click": false,
                "item_type": 2,
                "comment_status": 1,
                "likes": 0,
                "comment_id": "63558341015638016",
                "user_id": "59001597954363392",
                "item_id": "59003103080353792",
                "content": "很赞！",
                "picture": "",
                "format": "2023年3月30日",
                "binding": "",
                "create_time": "2023-03-30T17:18:09Z",
                "comment_replies": []
            },
            "user_info": {
                "userID": "59001597954363392",
                "follower": 0,
                "following": 0,
                "username": "测试用户1",
                "avatar": "http://rsogkjz3n.hn-bkt.clouddn.com/FkTHz1SgJAI5wF0Ni2jFBj6XDVLe",
                "email": "1@test.com",
                "introduction": "我擅长Vue、ElementUI、TailwindCSS。希望可以在社区学到更多知识",
                "homePage": "",
                "github": "https://github.com/LegendsoftheFall",
                "position": "前端开发工程师",
                "isFollow": false
            },
            "reply_infos": []
        },
        {
            "comment_id": "63303808763039744",
            "comment_info": {
                "reply_count": 6,
                "is_like": false,
                "is_click": false,
                "item_type": 2,
                "comment_status": 1,
                "likes": 0,
                "comment_id": "63303808763039744",
                "user_id": "59001758222913536",
                "item_id": "59003103080353792",
                "content": "啊怎么什么都没有",
                "picture": "",
                "format": "2023年3月30日",
                "binding": "",
                "create_time": "2023-03-30T00:26:44Z",
                "comment_replies": [
                    {
                        "is_like": false,
                        "is_click": false,
                        "level": 1,
                        "item_type": 1,
                        "likes": 0,
                        "reply_status": 1,
                        "reply_comment_id": "63303808763039744",
                        "reply_id": "63331297614893056",
                        "reply_to_reply_id": "0",
                        "user_id": "59001597954363392",
                        "reply_to_user_id": "59001597954363392",
                        "item_id": "59003103080353792",
                        "reply_content": "因为这是测试文章",
                        "reply_picture": "",
                        "format": "2023年3月30日",
                        "binding": "",
                        "create_time": "2023-03-30T02:15:56Z"
                    },
                    {
                        "is_like": false,
                        "is_click": false,
                        "level": 1,
                        "item_type": 1,
                        "likes": 0,
                        "reply_status": 1,
                        "reply_comment_id": "63303808763039744",
                        "reply_id": "63484834613301248",
                        "reply_to_reply_id": "0",
                        "user_id": "59001597954363392",
                        "reply_to_user_id": "59001597954363392",
                        "item_id": "59003103080353792",
                        "reply_content": "测试回复",
                        "reply_picture": "",
                        "format": "2023年3月30日",
                        "binding": "",
                        "create_time": "2023-03-30T12:26:02Z"
                    },
                    {
                        "is_like": false,
                        "is_click": false,
                        "level": 2,
                        "item_type": 1,
                        "likes": 0,
                        "reply_status": 1,
                        "reply_comment_id": "63303808763039744",
                        "reply_id": "63488146465099776",
                        "reply_to_reply_id": "63331297614893056",
                        "user_id": "59001597954363392",
                        "reply_to_user_id": "59001597954363392",
                        "item_id": "59003103080353792",
                        "reply_content": "你有病吗?",
                        "reply_picture": "",
                        "format": "2023年3月30日",
                        "binding": "",
                        "create_time": "2023-03-30T12:39:12Z"
                    },
                    {
                        "is_like": false,
                        "is_click": false,
                        "level": 2,
                        "item_type": 1,
                        "likes": 0,
                        "reply_status": 1,
                        "reply_comment_id": "63303808763039744",
                        "reply_id": "63495804370817024",
                        "reply_to_reply_id": "63488146465099776",
                        "user_id": "59001597954363392",
                        "reply_to_user_id": "59001597954363392",
                        "item_id": "59003103080353792",
                        "reply_content": "???",
                        "reply_picture": "",
                        "format": "2023年3月30日",
                        "binding": "",
                        "create_time": "2023-03-30T13:09:37Z"
                    },
                    {
                        "is_like": false,
                        "is_click": false,
                        "level": 1,
                        "item_type": 1,
                        "likes": 0,
                        "reply_status": 1,
                        "reply_comment_id": "63303808763039744",
                        "reply_id": "65150239429890048",
                        "reply_to_reply_id": "0",
                        "user_id": "59001868868653056",
                        "reply_to_user_id": "59001868868653056",
                        "item_id": "59003103080353792",
                        "reply_content": "啊我也不知道",
                        "reply_picture": "",
                        "format": "2023年4月4日",
                        "binding": "",
                        "create_time": "2023-04-04T02:43:47Z"
                    },
                    {
                        "is_like": false,
                        "is_click": false,
                        "level": 2,
                        "item_type": 1,
                        "likes": 0,
                        "reply_status": 1,
                        "reply_comment_id": "63303808763039744",
                        "reply_id": "65150444325834752",
                        "reply_to_reply_id": "63488146465099776",
                        "user_id": "59001868868653056",
                        "reply_to_user_id": "59001868868653056",
                        "item_id": "59003103080353792",
                        "reply_content": "注意素质哦",
                        "reply_picture": "",
                        "format": "2023年4月4日",
                        "binding": "",
                        "create_time": "2023-04-04T02:44:36Z"
                    }
                ]
            },
            "user_info": {
                "userID": "59001758222913536",
                "follower": 1,
                "following": 0,
                "username": "测试用户3",
                "avatar": "http://rsogkjz3n.hn-bkt.clouddn.com/FrIKGJN-HtkFuiCFEhHAoVq15I9m",
                "email": "111@test.com",
                "introduction": "热爱技术、热爱coding...",
                "homePage": "",
                "github": "https://github.com/LegendsoftheFall",
                "position": "全栈开发工程师",
                "isFollow": false
            },
            "reply_infos": [
                {
                    "reply_id": "63331297614893056",
                    "reply_info": {
                        "is_like": false,
                        "is_click": false,
                        "level": 1,
                        "item_type": 1,
                        "likes": 0,
                        "reply_status": 1,
                        "reply_comment_id": "63303808763039744",
                        "reply_id": "63331297614893056",
                        "reply_to_reply_id": "0",
                        "user_id": "59001597954363392",
                        "reply_to_user_id": "59001597954363392",
                        "item_id": "59003103080353792",
                        "reply_content": "因为这是测试文章",
                        "reply_picture": "",
                        "format": "2023年3月30日",
                        "binding": "",
                        "create_time": "2023-03-30T02:15:56Z"
                    },
                    "parent_reply": null,
                    "user_info": {
                        "userID": "59001597954363392",
                        "follower": 0,
                        "following": 0,
                        "username": "测试用户1",
                        "avatar": "http://rsogkjz3n.hn-bkt.clouddn.com/FkTHz1SgJAI5wF0Ni2jFBj6XDVLe",
                        "email": "1@test.com",
                        "introduction": "我擅长Vue、ElementUI、TailwindCSS。希望可以在社区学到更多知识",
                        "homePage": "",
                        "github": "https://github.com/LegendsoftheFall",
                        "position": "前端开发工程师",
                        "isFollow": false
                    },
                    "reply_user": {
                        "userID": "59001597954363392",
                        "follower": 0,
                        "following": 0,
                        "username": "测试用户1",
                        "avatar": "http://rsogkjz3n.hn-bkt.clouddn.com/FkTHz1SgJAI5wF0Ni2jFBj6XDVLe",
                        "email": "1@test.com",
                        "introduction": "我擅长Vue、ElementUI、TailwindCSS。希望可以在社区学到更多知识",
                        "homePage": "",
                        "github": "https://github.com/LegendsoftheFall",
                        "position": "前端开发工程师",
                        "isFollow": false
                    }
                },
                {
                    "reply_id": "63484834613301248",
                    "reply_info": {
                        "is_like": false,
                        "is_click": false,
                        "level": 1,
                        "item_type": 1,
                        "likes": 0,
                        "reply_status": 1,
                        "reply_comment_id": "63303808763039744",
                        "reply_id": "63484834613301248",
                        "reply_to_reply_id": "0",
                        "user_id": "59001597954363392",
                        "reply_to_user_id": "59001597954363392",
                        "item_id": "59003103080353792",
                        "reply_content": "测试回复",
                        "reply_picture": "",
                        "format": "2023年3月30日",
                        "binding": "",
                        "create_time": "2023-03-30T12:26:02Z"
                    },
                    "parent_reply": null,
                    "user_info": {
                        "userID": "59001597954363392",
                        "follower": 0,
                        "following": 0,
                        "username": "测试用户1",
                        "avatar": "http://rsogkjz3n.hn-bkt.clouddn.com/FkTHz1SgJAI5wF0Ni2jFBj6XDVLe",
                        "email": "1@test.com",
                        "introduction": "我擅长Vue、ElementUI、TailwindCSS。希望可以在社区学到更多知识",
                        "homePage": "",
                        "github": "https://github.com/LegendsoftheFall",
                        "position": "前端开发工程师",
                        "isFollow": false
                    },
                    "reply_user": {
                        "userID": "59001597954363392",
                        "follower": 0,
                        "following": 0,
                        "username": "测试用户1",
                        "avatar": "http://rsogkjz3n.hn-bkt.clouddn.com/FkTHz1SgJAI5wF0Ni2jFBj6XDVLe",
                        "email": "1@test.com",
                        "introduction": "我擅长Vue、ElementUI、TailwindCSS。希望可以在社区学到更多知识",
                        "homePage": "",
                        "github": "https://github.com/LegendsoftheFall",
                        "position": "前端开发工程师",
                        "isFollow": false
                    }
                },
                {
                    "reply_id": "63488146465099776",
                    "reply_info": {
                        "is_like": false,
                        "is_click": false,
                        "level": 2,
                        "item_type": 1,
                        "likes": 0,
                        "reply_status": 1,
                        "reply_comment_id": "63303808763039744",
                        "reply_id": "63488146465099776",
                        "reply_to_reply_id": "63331297614893056",
                        "user_id": "59001597954363392",
                        "reply_to_user_id": "59001597954363392",
                        "item_id": "59003103080353792",
                        "reply_content": "你有病吗?",
                        "reply_picture": "",
                        "format": "2023年3月30日",
                        "binding": "",
                        "create_time": "2023-03-30T12:39:12Z"
                    },
                    "parent_reply": {
                        "is_like": false,
                        "is_click": false,
                        "level": 1,
                        "item_type": 1,
                        "likes": 0,
                        "reply_status": 1,
                        "reply_comment_id": "63303808763039744",
                        "reply_id": "63331297614893056",
                        "reply_to_reply_id": "0",
                        "user_id": "59001597954363392",
                        "reply_to_user_id": "59001597954363392",
                        "item_id": "59003103080353792",
                        "reply_content": "因为这是测试文章",
                        "reply_picture": "",
                        "format": "2023年3月30日",
                        "binding": "",
                        "create_time": "2023-03-30T02:15:56Z"
                    },
                    "user_info": {
                        "userID": "59001597954363392",
                        "follower": 0,
                        "following": 0,
                        "username": "测试用户1",
                        "avatar": "http://rsogkjz3n.hn-bkt.clouddn.com/FkTHz1SgJAI5wF0Ni2jFBj6XDVLe",
                        "email": "1@test.com",
                        "introduction": "我擅长Vue、ElementUI、TailwindCSS。希望可以在社区学到更多知识",
                        "homePage": "",
                        "github": "https://github.com/LegendsoftheFall",
                        "position": "前端开发工程师",
                        "isFollow": false
                    },
                    "reply_user": {
                        "userID": "59001597954363392",
                        "follower": 0,
                        "following": 0,
                        "username": "测试用户1",
                        "avatar": "http://rsogkjz3n.hn-bkt.clouddn.com/FkTHz1SgJAI5wF0Ni2jFBj6XDVLe",
                        "email": "1@test.com",
                        "introduction": "我擅长Vue、ElementUI、TailwindCSS。希望可以在社区学到更多知识",
                        "homePage": "",
                        "github": "https://github.com/LegendsoftheFall",
                        "position": "前端开发工程师",
                        "isFollow": false
                    }
                },
                {
                    "reply_id": "63495804370817024",
                    "reply_info": {
                        "is_like": false,
                        "is_click": false,
                        "level": 2,
                        "item_type": 1,
                        "likes": 0,
                        "reply_status": 1,
                        "reply_comment_id": "63303808763039744",
                        "reply_id": "63495804370817024",
                        "reply_to_reply_id": "63488146465099776",
                        "user_id": "59001597954363392",
                        "reply_to_user_id": "59001597954363392",
                        "item_id": "59003103080353792",
                        "reply_content": "???",
                        "reply_picture": "",
                        "format": "2023年3月30日",
                        "binding": "",
                        "create_time": "2023-03-30T13:09:37Z"
                    },
                    "parent_reply": {
                        "is_like": false,
                        "is_click": false,
                        "level": 2,
                        "item_type": 1,
                        "likes": 0,
                        "reply_status": 1,
                        "reply_comment_id": "63303808763039744",
                        "reply_id": "63488146465099776",
                        "reply_to_reply_id": "63331297614893056",
                        "user_id": "59001597954363392",
                        "reply_to_user_id": "59001597954363392",
                        "item_id": "59003103080353792",
                        "reply_content": "你有病吗?",
                        "reply_picture": "",
                        "format": "2023年3月30日",
                        "binding": "",
                        "create_time": "2023-03-30T12:39:12Z"
                    },
                    "user_info": {
                        "userID": "59001597954363392",
                        "follower": 0,
                        "following": 0,
                        "username": "测试用户1",
                        "avatar": "http://rsogkjz3n.hn-bkt.clouddn.com/FkTHz1SgJAI5wF0Ni2jFBj6XDVLe",
                        "email": "1@test.com",
                        "introduction": "我擅长Vue、ElementUI、TailwindCSS。希望可以在社区学到更多知识",
                        "homePage": "",
                        "github": "https://github.com/LegendsoftheFall",
                        "position": "前端开发工程师",
                        "isFollow": false
                    },
                    "reply_user": {
                        "userID": "59001597954363392",
                        "follower": 0,
                        "following": 0,
                        "username": "测试用户1",
                        "avatar": "http://rsogkjz3n.hn-bkt.clouddn.com/FkTHz1SgJAI5wF0Ni2jFBj6XDVLe",
                        "email": "1@test.com",
                        "introduction": "我擅长Vue、ElementUI、TailwindCSS。希望可以在社区学到更多知识",
                        "homePage": "",
                        "github": "https://github.com/LegendsoftheFall",
                        "position": "前端开发工程师",
                        "isFollow": false
                    }
                },
                {
                    "reply_id": "65150239429890048",
                    "reply_info": {
                        "is_like": false,
                        "is_click": false,
                        "level": 1,
                        "item_type": 1,
                        "likes": 0,
                        "reply_status": 1,
                        "reply_comment_id": "63303808763039744",
                        "reply_id": "65150239429890048",
                        "reply_to_reply_id": "0",
                        "user_id": "59001868868653056",
                        "reply_to_user_id": "59001868868653056",
                        "item_id": "59003103080353792",
                        "reply_content": "啊我也不知道",
                        "reply_picture": "",
                        "format": "2023年4月4日",
                        "binding": "",
                        "create_time": "2023-04-04T02:43:47Z"
                    },
                    "parent_reply": null,
                    "user_info": {
                        "userID": "59001868868653056",
                        "follower": 0,
                        "following": 0,
                        "username": "测试用户4",
                        "avatar": "http://rsogkjz3n.hn-bkt.clouddn.com/FsI6XMSj6P3q6iXnroAJ04CNh1oi",
                        "email": "1111@test.com",
                        "introduction": "提高审美ing~",
                        "homePage": "",
                        "github": "https://github.com/LegendsoftheFall",
                        "position": "UI设计师",
                        "isFollow": false
                    },
                    "reply_user": {
                        "userID": "59001868868653056",
                        "follower": 0,
                        "following": 0,
                        "username": "测试用户4",
                        "avatar": "http://rsogkjz3n.hn-bkt.clouddn.com/FsI6XMSj6P3q6iXnroAJ04CNh1oi",
                        "email": "1111@test.com",
                        "introduction": "提高审美ing~",
                        "homePage": "",
                        "github": "https://github.com/LegendsoftheFall",
                        "position": "UI设计师",
                        "isFollow": false
                    }
                },
                {
                    "reply_id": "65150444325834752",
                    "reply_info": {
                        "is_like": false,
                        "is_click": false,
                        "level": 2,
                        "item_type": 1,
                        "likes": 0,
                        "reply_status": 1,
                        "reply_comment_id": "63303808763039744",
                        "reply_id": "65150444325834752",
                        "reply_to_reply_id": "63488146465099776",
                        "user_id": "59001868868653056",
                        "reply_to_user_id": "59001868868653056",
                        "item_id": "59003103080353792",
                        "reply_content": "注意素质哦",
                        "reply_picture": "",
                        "format": "2023年4月4日",
                        "binding": "",
                        "create_time": "2023-04-04T02:44:36Z"
                    },
                    "parent_reply": {
                        "is_like": false,
                        "is_click": false,
                        "level": 2,
                        "item_type": 1,
                        "likes": 0,
                        "reply_status": 1,
                        "reply_comment_id": "63303808763039744",
                        "reply_id": "63488146465099776",
                        "reply_to_reply_id": "63331297614893056",
                        "user_id": "59001597954363392",
                        "reply_to_user_id": "59001597954363392",
                        "item_id": "59003103080353792",
                        "reply_content": "你有病吗?",
                        "reply_picture": "",
                        "format": "2023年3月30日",
                        "binding": "",
                        "create_time": "2023-03-30T12:39:12Z"
                    },
                    "user_info": {
                        "userID": "59001868868653056",
                        "follower": 0,
                        "following": 0,
                        "username": "测试用户4",
                        "avatar": "http://rsogkjz3n.hn-bkt.clouddn.com/FsI6XMSj6P3q6iXnroAJ04CNh1oi",
                        "email": "1111@test.com",
                        "introduction": "提高审美ing~",
                        "homePage": "",
                        "github": "https://github.com/LegendsoftheFall",
                        "position": "UI设计师",
                        "isFollow": false
                    },
                    "reply_user": {
                        "userID": "59001868868653056",
                        "follower": 0,
                        "following": 0,
                        "username": "测试用户4",
                        "avatar": "http://rsogkjz3n.hn-bkt.clouddn.com/FsI6XMSj6P3q6iXnroAJ04CNh1oi",
                        "email": "1111@test.com",
                        "introduction": "提高审美ing~",
                        "homePage": "",
                        "github": "https://github.com/LegendsoftheFall",
                        "position": "UI设计师",
                        "isFollow": false
                    }
                }
            ]
        }
    ],
    "total": 2
}
